# Mess with output to test make results
# Test make results
@INSTALL@ -c -d '@PG_LOCATION@/share/extension'
@INSTALL@ -c -d '@PG_LOCATION@/share/doc/extension'
@INSTALL@ -c -m 644 ./sql/pgxntool-test--0.1.0.sql ./sql/pgxntool-test--0.1.0--0.1.1.sql ./pgxntool-test.control  '@PG_LOCATION@/share/extension/'
@INSTALL@ -c -m 644 ./doc/adoc_doc.adoc ./doc/adoc_doc.html ./doc/asc_doc.asc ./doc/asciidoc_doc.asciidoc ./doc/asciidoc_doc.html ./doc/other.html ./doc/adoc_doc.html ./doc/asciidoc_doc.html '@PG_LOCATION@/share/doc/extension/'
INVOCATION OF pg_regress
(using postmaster on XXXX)
============== dropping database "contrib_regression" ==============
DROP DATABASE
============== creating database "contrib_regression" ==============
CREATE DATABASE
ALTER DATABASE
============== running regression test queries        ==============
test pgxntool-test                ... FAILED

======================
 1 of 1 tests failed. 
======================

The differences that caused some tests to fail can be viewed in the
file "@TEST_DIR@/repo/test/regression.diffs".  A copy of the test summary that you see
above is saved in the file "@TEST_DIR@/repo/test/regression.out".

make[1]: [installcheck] Error 1 (ignored)
diff output normalized
--- @TEST_DIR@/repo/test/expected/pgxntool-test.out
++++ @TEST_DIR@/repo/test/results/pgxntool-test.out
@@ -57,4 +57,3 @@
 \echo # TRANSACTION INTENTIONALLY LEFT OPEN!
 # TRANSACTION INTENTIONALLY LEFT OPEN!
 -- vi: expandtab ts=2 sw=2
-
######################################
# ^^^ Should have a diff ^^^
######################################
@INSTALL@ -c -d '@PG_LOCATION@/share/extension'
@INSTALL@ -c -d '@PG_LOCATION@/share/doc/extension'
@INSTALL@ -c -m 644 ./sql/pgxntool-test--0.1.0.sql ./sql/pgxntool-test--0.1.0--0.1.1.sql ./pgxntool-test.control  '@PG_LOCATION@/share/extension/'
@INSTALL@ -c -m 644 ./doc/adoc_doc.adoc ./doc/adoc_doc.html ./doc/asc_doc.asc ./doc/asciidoc_doc.asciidoc ./doc/asciidoc_doc.html ./doc/other.html ./doc/adoc_doc.html ./doc/asciidoc_doc.html '@PG_LOCATION@/share/doc/extension/'
INVOCATION OF pg_regress
(using postmaster on XXXX)
============== dropping database "contrib_regression" ==============
DROP DATABASE
============== creating database "contrib_regression" ==============
CREATE DATABASE
ALTER DATABASE
============== running regression test queries        ==============
test pgxntool-test                ... FAILED

======================
 1 of 1 tests failed. 
======================

The differences that caused some tests to fail can be viewed in the
file "@TEST_DIR@/repo/test/regression.diffs".  A copy of the test summary that you see
above is saved in the file "@TEST_DIR@/repo/test/regression.out".

make[1]: [installcheck] Error 1 (ignored)
diff output normalized
--- @TEST_DIR@/repo/test/expected/pgxntool-test.out
++++ @TEST_DIR@/repo/test/results/pgxntool-test.out
@@ -57,4 +57,3 @@
 \echo # TRANSACTION INTENTIONALLY LEFT OPEN!
 # TRANSACTION INTENTIONALLY LEFT OPEN!
 -- vi: expandtab ts=2 sw=2
-
rsync -rlpgovP test/results/ test/expected
RSYNC TRANSFER
pgxntool-test.out
RSYNC OUTPUT

RSYNC STATS
RSYNC STATS
@INSTALL@ -c -d '@PG_LOCATION@/share/extension'
@INSTALL@ -c -d '@PG_LOCATION@/share/doc/extension'
@INSTALL@ -c -m 644 ./sql/pgxntool-test--0.1.0.sql ./sql/pgxntool-test--0.1.0--0.1.1.sql ./pgxntool-test.control  '@PG_LOCATION@/share/extension/'
@INSTALL@ -c -m 644 ./doc/adoc_doc.adoc ./doc/adoc_doc.html ./doc/asc_doc.asc ./doc/asciidoc_doc.asciidoc ./doc/asciidoc_doc.html ./doc/other.html ./doc/adoc_doc.html ./doc/asciidoc_doc.html '@PG_LOCATION@/share/doc/extension/'
INVOCATION OF pg_regress
(using postmaster on XXXX)
============== dropping database "contrib_regression" ==============
DROP DATABASE
============== creating database "contrib_regression" ==============
CREATE DATABASE
ALTER DATABASE
============== running regression test queries        ==============
test pgxntool-test                ... ok

=====================
 All 1 tests passed. 
=====================

######################################
# ^^^ Should be clean output, BUT NOTE THERE WILL BE A FAILURE DIRECTLY ABOVE! ^^^
######################################
